Arguments: 
  /usr/local/bin/node /usr/bin/yarn add cors crypto dotenv axios pino pino-http qs uuid mongoose reflect-metada tsyringe

PATH: 
  /usr/local/sbin:/usr/local/bin:/usr/sbin:/usr/bin:/sbin:/bin:/usr/games:/usr/local/games:/snap/bin:/usr/lib/python2.7:/home/danilo/Android/Sdk/emulator:/home/danilo/Android/Sdk/tools:/home/danilo/Android/Sdk/tools/bin:/home/danilo/Android/Sdk/platform-tools:/home/danilo/android-studio/bin:/usr/bin/python2.7:/home/danilo/Android/Sdk/emulator:/home/danilo/Android/Sdk/tools:/home/danilo/Android/Sdk/tools/bin:/home/danilo/Android/Sdk/platform-tools:/home/danilo/android-studio/bin:/usr/bin/python2.7

Yarn version: 
  1.22.10

Node version: 
  14.17.6

Platform: 
  linux x64

Trace: 
  Error: https://registry.yarnpkg.com/reflect-metada: Not found
      at Request.params.callback [as _callback] (/usr/lib/node_modules/yarn/lib/cli.js:66988:18)
      at Request.self.callback (/usr/lib/node_modules/yarn/lib/cli.js:140662:22)
      at Request.emit (events.js:400:28)
      at Request.<anonymous> (/usr/lib/node_modules/yarn/lib/cli.js:141634:10)
      at Request.emit (events.js:400:28)
      at IncomingMessage.<anonymous> (/usr/lib/node_modules/yarn/lib/cli.js:141556:12)
      at Object.onceWrapper (events.js:519:28)
      at IncomingMessage.emit (events.js:412:35)
      at endReadableNT (internal/streams/readable.js:1317:12)
      at processTicksAndRejections (internal/process/task_queues.js:82:21)

npm manifest: 
  {
    "name": "tui-backend",
    "version": "1.0.0",
    "main": "index.js",
    "license": "MIT"
  }

yarn manifest: 
  No manifest

Lockfile: 
  No lockfile
